2023-05-14T12:23:59.839Z - info: Website generation started at 8:23:52 pm
2023-05-14T12:24:14.098Z - info: Building assets...
2023-05-14T12:24:22.610Z - info: Assets built
2023-05-14T12:24:22.612Z - info: Generating pages...
2023-05-14T12:24:37.611Z - debug:  
2023-05-14T12:24:37.620Z - debug:  
2023-05-14T12:24:37.685Z - debug:  
2023-05-14T12:24:41.351Z - debug:  
2023-05-14T12:24:41.352Z - debug:  
2023-05-14T12:24:41.370Z - debug:  
2023-05-14T12:24:41.370Z - debug:  
2023-05-14T12:24:41.370Z - debug:  
2023-05-14T12:24:41.370Z - debug:  
2023-05-14T12:24:41.370Z - debug:  
2023-05-14T12:24:41.371Z - debug:  
2023-05-14T12:24:41.371Z - debug:  
2023-05-14T12:24:41.813Z - debug:  
2023-05-14T12:26:59.175Z - debug:  
2023-05-14T12:27:15.500Z - debug:  
2023-05-14T12:27:15.501Z - debug:  
2023-05-14T12:27:25.606Z - info: Pages built
2023-05-14T12:27:27.266Z - info: Site data built
2023-05-14T12:27:27.266Z - info: Website generation complete! Total build time: 214.972s
2023-05-14T12:27:27.266Z - info: Build success!
2023-05-14T12:30:16.396Z - info: The website has been deployed at: https://nus-cs2103-ay2223s2.github.io/website
2023-05-14T12:34:51.752Z - info: Website generation started at 8:34:44 pm
2023-05-14T12:35:09.488Z - info: Building assets...
