2023-02-06T13:19:40.668Z - info: Website generation (lazy) started at 9:19:33 pm
2023-02-06T13:19:53.046Z - info: Building assets...
2023-02-06T13:20:04.372Z - info: Assets built
2023-02-06T13:20:04.373Z - info: Generating landing page...
2023-02-06T13:20:05.404Z - info: Landing page built, other pages will be built as you navigate to them!
2023-02-06T13:20:06.815Z - info: Site data built
2023-02-06T13:20:06.815Z - info: Website generation (lazy) complete! Total build time: 33.777s
2023-02-06T13:20:07.915Z - info: Serving "C:\repos\nus-cs2103\cs2103-website-base\_site" at http://127.0.0.1:8080
2023-02-06T13:20:07.915Z - info: Press CTRL+C to stop ...
2023-02-06T13:21:43.457Z - info: [9:21:43 pm] Reload for file change: C:\repos\nus-cs2103\cs2103-website-base\_markbind\variables.md
2023-02-06T13:21:43.458Z - info: Synchronizing opened pages list before reload
2023-02-06T13:21:43.459Z - info: Current opened pages, from most-to-least recent:
2023-02-06T13:21:43.459Z - info: 1. index
2023-02-06T13:21:44.591Z - warn: Rebuilding all pages as variables file was changed, or the --force-reload flag was set
2023-02-06T13:21:44.595Z - info: Rebuilding 1 pages
2023-02-06T13:21:45.027Z - info: Site data built
2023-02-06T13:21:45.027Z - info: Pages rebuilt
2023-02-06T13:21:45.028Z - info: Website regeneration complete! Total build time: 0.554s
2023-02-06T13:22:13.927Z - info: Website generation (lazy) started at 9:22:12 pm
2023-02-06T13:22:23.697Z - info: Building assets...
2023-02-06T13:22:31.400Z - info: Assets built
2023-02-06T13:22:31.401Z - info: Generating landing page...
2023-02-06T13:22:32.018Z - info: Landing page built, other pages will be built as you navigate to them!
2023-02-06T13:22:32.751Z - info: Site data built
2023-02-06T13:22:32.751Z - info: Website generation (lazy) complete! Total build time: 20.633s
2023-02-06T13:22:33.576Z - info: Serving "C:\repos\nus-cs2103\cs2103-website-base\_site" at http://127.0.0.1:8080
2023-02-06T13:22:33.577Z - info: Press CTRL+C to stop ...
2023-02-06T13:24:43.998Z - info: [9:24:43 pm] Reload for file change: C:\repos\nus-cs2103\cs2103-website-base\_markbind\variables.md
2023-02-06T13:24:44.000Z - info: Synchronizing opened pages list before reload
2023-02-06T13:24:44.001Z - info: Current opened pages, from most-to-least recent:
2023-02-06T13:24:44.001Z - info: 1. index
2023-02-06T13:24:45.157Z - warn: Rebuilding all pages as variables file was changed, or the --force-reload flag was set
2023-02-06T13:24:45.164Z - info: Rebuilding 1 pages
2023-02-06T13:24:45.599Z - info: Site data built
2023-02-06T13:24:45.600Z - info: Pages rebuilt
2023-02-06T13:24:45.600Z - info: Website regeneration complete! Total build time: 0.591s
2023-02-06T13:25:12.060Z - info: Website generation (lazy) started at 9:25:08 pm
2023-02-06T13:25:26.077Z - info: Building assets...
2023-02-06T13:25:36.871Z - info: Assets built
2023-02-06T13:25:36.872Z - info: Generating landing page...
2023-02-06T13:25:38.021Z - info: Landing page built, other pages will be built as you navigate to them!
2023-02-06T13:25:39.186Z - info: Site data built
2023-02-06T13:25:39.186Z - info: Website generation (lazy) complete! Total build time: 30.313s
2023-02-06T13:25:40.079Z - info: Serving "C:\repos\nus-cs2103\cs2103-website-base\_site" at http://127.0.0.1:8080
2023-02-06T13:25:40.079Z - info: Press CTRL+C to stop ...
2023-02-06T13:27:56.326Z - info: [9:27:56 pm] Reload for file change: C:\repos\nus-cs2103\cs2103-website-base\_markbind\variables.md
2023-02-06T13:27:56.327Z - info: Synchronizing opened pages list before reload
2023-02-06T13:27:56.328Z - info: Current opened pages, from most-to-least recent:
2023-02-06T13:27:56.328Z - info: 1. index
2023-02-06T13:27:57.486Z - warn: Rebuilding all pages as variables file was changed, or the --force-reload flag was set
2023-02-06T13:27:57.492Z - info: Rebuilding 1 pages
2023-02-06T13:27:57.897Z - info: Site data built
2023-02-06T13:27:57.898Z - info: Pages rebuilt
2023-02-06T13:27:57.898Z - info: Website regeneration complete! Total build time: 0.558s
2023-02-06T13:28:24.670Z - info: Website generation (lazy) started at 9:28:22 pm
2023-02-06T13:28:38.512Z - info: Building assets...
2023-02-06T13:28:47.346Z - info: Assets built
2023-02-06T13:28:47.348Z - info: Generating landing page...
2023-02-06T13:28:48.321Z - info: Landing page built, other pages will be built as you navigate to them!
2023-02-06T13:28:49.533Z - info: Site data built
2023-02-06T13:28:49.533Z - info: Website generation (lazy) complete! Total build time: 26.884s
2023-02-06T13:28:50.453Z - info: Serving "C:\repos\nus-cs2103\cs2103-website-base\_site" at http://127.0.0.1:8080
2023-02-06T13:28:50.453Z - info: Press CTRL+C to stop ...
2023-02-06T13:29:19.430Z - info: Website generation started at 9:29:17 pm
2023-02-06T13:29:33.181Z - info: Building assets...
