2023-01-17T04:26:16.532Z - info: Website generation started at 12:26:11 pm
2023-01-17T04:26:27.816Z - info: Building assets...
2023-01-17T04:26:36.164Z - info: Assets built
2023-01-17T04:26:36.165Z - info: Generating pages...
2023-01-17T04:26:49.775Z - debug:  
2023-01-17T04:26:49.776Z - debug:  
2023-01-17T04:26:49.800Z - debug:  
2023-01-17T04:26:52.852Z - debug:  
2023-01-17T04:26:52.852Z - debug:  
2023-01-17T04:26:52.853Z - debug:  
2023-01-17T04:26:52.854Z - debug:  
2023-01-17T04:26:52.855Z - debug:  
2023-01-17T04:26:52.855Z - debug:  
2023-01-17T04:26:52.856Z - debug:  
2023-01-17T04:26:52.856Z - debug:  
2023-01-17T04:26:52.856Z - debug:  
2023-01-17T04:26:53.388Z - debug:  
2023-01-17T04:29:03.988Z - debug:  
2023-01-17T04:29:17.894Z - debug:  
2023-01-17T04:29:17.894Z - debug:  
2023-01-17T04:29:23.900Z - info: Pages built
2023-01-17T04:29:25.738Z - info: Site data built
2023-01-17T04:29:25.738Z - info: Website generation complete! Total build time: 194.735s
2023-01-17T04:29:25.738Z - info: Build success!
2023-01-17T04:32:21.242Z - info: The website has been deployed at: https://nus-cs2103-ay2223s2.github.io/website
2023-01-17T12:48:00.094Z - info: Website generation started at 8:47:54 pm
2023-01-17T12:48:12.783Z - info: Building assets...
